2025-12-18 09:49:54,372 - ShadowAgents - ERROR - Critical error in shadow run: 'PlannerAgent' object has no attribute 'create_plan'
Traceback (most recent call last):
  File "C:\Users\Руслан\Desktop\Python\Predator_DEV_Mas\src\core\multi_agent_adapter.py", line 70, in run_shadow_analysis
    planner_task = asyncio.create_task(self._safe_call(self.planner.create_plan, agent_state))
                                                       ^^^^^^^^^^^^^^^^^^^^^^^^
AttributeError: 'PlannerAgent' object has no attribute 'create_plan'
2025-12-18 09:50:55,291 - ShadowAgents - ERROR - Critical error in shadow run: 'PlannerAgent' object has no attribute 'create_plan'
Traceback (most recent call last):
  File "C:\Users\Руслан\Desktop\Python\Predator_DEV_Mas\src\core\multi_agent_adapter.py", line 70, in run_shadow_analysis
    planner_task = asyncio.create_task(self._safe_call(self.planner.create_plan, agent_state))
                                                       ^^^^^^^^^^^^^^^^^^^^^^^^
AttributeError: 'PlannerAgent' object has no attribute 'create_plan'
2025-12-18 09:51:56,221 - ShadowAgents - ERROR - Critical error in shadow run: 'PlannerAgent' object has no attribute 'create_plan'
Traceback (most recent call last):
  File "C:\Users\Руслан\Desktop\Python\Predator_DEV_Mas\src\core\multi_agent_adapter.py", line 70, in run_shadow_analysis
    planner_task = asyncio.create_task(self._safe_call(self.planner.create_plan, agent_state))
                                                       ^^^^^^^^^^^^^^^^^^^^^^^^
AttributeError: 'PlannerAgent' object has no attribute 'create_plan'
2025-12-18 09:52:57,168 - ShadowAgents - ERROR - Critical error in shadow run: 'PlannerAgent' object has no attribute 'create_plan'
Traceback (most recent call last):
  File "C:\Users\Руслан\Desktop\Python\Predator_DEV_Mas\src\core\multi_agent_adapter.py", line 70, in run_shadow_analysis
    planner_task = asyncio.create_task(self._safe_call(self.planner.create_plan, agent_state))
                                                       ^^^^^^^^^^^^^^^^^^^^^^^^
AttributeError: 'PlannerAgent' object has no attribute 'create_plan'
2025-12-18 09:53:58,136 - ShadowAgents - ERROR - Critical error in shadow run: 'PlannerAgent' object has no attribute 'create_plan'
Traceback (most recent call last):
  File "C:\Users\Руслан\Desktop\Python\Predator_DEV_Mas\src\core\multi_agent_adapter.py", line 70, in run_shadow_analysis
    planner_task = asyncio.create_task(self._safe_call(self.planner.create_plan, agent_state))
                                                       ^^^^^^^^^^^^^^^^^^^^^^^^
AttributeError: 'PlannerAgent' object has no attribute 'create_plan'
2025-12-18 09:54:58,960 - ShadowAgents - ERROR - Critical error in shadow run: 'PlannerAgent' object has no attribute 'create_plan'
Traceback (most recent call last):
  File "C:\Users\Руслан\Desktop\Python\Predator_DEV_Mas\src\core\multi_agent_adapter.py", line 70, in run_shadow_analysis
    planner_task = asyncio.create_task(self._safe_call(self.planner.create_plan, agent_state))
                                                       ^^^^^^^^^^^^^^^^^^^^^^^^
AttributeError: 'PlannerAgent' object has no attribute 'create_plan'
2025-12-18 09:58:13,051 - ShadowAgents - ERROR - Critical error in shadow run: 'RiskAgent' object has no attribute 'assess_risk'
Traceback (most recent call last):
  File "C:\Users\Руслан\Desktop\Python\Predator_DEV_Mas\src\core\multi_agent_adapter.py", line 76, in run_shadow_analysis
    risk_task = asyncio.create_task(self._safe_call(self.risk.assess_risk, agent_state))
                                                    ^^^^^^^^^^^^^^^^^^^^^
AttributeError: 'RiskAgent' object has no attribute 'assess_risk'
2025-12-18 09:59:17,530 - ShadowAgents - ERROR - Critical error in shadow run: 'RiskAgent' object has no attribute 'assess_risk'
Traceback (most recent call last):
  File "C:\Users\Руслан\Desktop\Python\Predator_DEV_Mas\src\core\multi_agent_adapter.py", line 76, in run_shadow_analysis
    risk_task = asyncio.create_task(self._safe_call(self.risk.assess_risk, agent_state))
                                                    ^^^^^^^^^^^^^^^^^^^^^
AttributeError: 'RiskAgent' object has no attribute 'assess_risk'
2025-12-18 10:00:21,614 - ShadowAgents - ERROR - Critical error in shadow run: 'RiskAgent' object has no attribute 'assess_risk'
Traceback (most recent call last):
  File "C:\Users\Руслан\Desktop\Python\Predator_DEV_Mas\src\core\multi_agent_adapter.py", line 76, in run_shadow_analysis
    risk_task = asyncio.create_task(self._safe_call(self.risk.assess_risk, agent_state))
                                                    ^^^^^^^^^^^^^^^^^^^^^
AttributeError: 'RiskAgent' object has no attribute 'assess_risk'
2025-12-18 10:10:40,528 - ShadowAgents - ERROR - Critical error in shadow run: 'RiskAgent' object has no attribute 'assess_risk'
Traceback (most recent call last):
  File "C:\Users\Руслан\Desktop\Python\Predator_DEV_Mas\src\core\multi_agent_adapter.py", line 76, in run_shadow_analysis
    risk_task = asyncio.create_task(self._safe_call(self.risk.assess_risk, agent_state))
                                                    ^^^^^^^^^^^^^^^^^^^^^
AttributeError: 'RiskAgent' object has no attribute 'assess_risk'
2025-12-18 10:11:45,274 - ShadowAgents - ERROR - Critical error in shadow run: 'RiskAgent' object has no attribute 'assess_risk'
Traceback (most recent call last):
  File "C:\Users\Руслан\Desktop\Python\Predator_DEV_Mas\src\core\multi_agent_adapter.py", line 76, in run_shadow_analysis
    risk_task = asyncio.create_task(self._safe_call(self.risk.assess_risk, agent_state))
                                                    ^^^^^^^^^^^^^^^^^^^^^
AttributeError: 'RiskAgent' object has no attribute 'assess_risk'
2025-12-18 10:12:49,243 - ShadowAgents - ERROR - Critical error in shadow run: 'RiskAgent' object has no attribute 'assess_risk'
Traceback (most recent call last):
  File "C:\Users\Руслан\Desktop\Python\Predator_DEV_Mas\src\core\multi_agent_adapter.py", line 76, in run_shadow_analysis
    risk_task = asyncio.create_task(self._safe_call(self.risk.assess_risk, agent_state))
                                                    ^^^^^^^^^^^^^^^^^^^^^
AttributeError: 'RiskAgent' object has no attribute 'assess_risk'
2025-12-18 10:27:44,661 - ShadowAgents - ERROR - Critical error in shadow run: 'RiskAgent' object has no attribute 'assess_risk'
Traceback (most recent call last):
  File "C:\Users\Руслан\Desktop\Python\Predator_DEV_Mas\src\core\multi_agent_adapter.py", line 76, in run_shadow_analysis
    risk_task = asyncio.create_task(self._safe_call(self.risk.assess_risk, agent_state))
                                                    ^^^^^^^^^^^^^^^^^^^^^
AttributeError: 'RiskAgent' object has no attribute 'assess_risk'
2025-12-18 10:28:48,658 - ShadowAgents - ERROR - Critical error in shadow run: 'RiskAgent' object has no attribute 'assess_risk'
Traceback (most recent call last):
  File "C:\Users\Руслан\Desktop\Python\Predator_DEV_Mas\src\core\multi_agent_adapter.py", line 76, in run_shadow_analysis
    risk_task = asyncio.create_task(self._safe_call(self.risk.assess_risk, agent_state))
                                                    ^^^^^^^^^^^^^^^^^^^^^
AttributeError: 'RiskAgent' object has no attribute 'assess_risk'
2025-12-18 14:07:17,454 - ShadowAgents - ERROR - Critical error in shadow run: Object of type AnalystResult is not JSON serializable
Traceback (most recent call last):
  File "C:\Users\Руслан\Desktop\Python\Predator_DEV_Mas\src\core\multi_agent_adapter.py", line 95, in run_shadow_analysis
    f.write(json.dumps(log_entry, ensure_ascii=False) + "\n")
            ^^^^^^^^^^^^^^^^^^^^^^^^^^^^^^^^^^^^^^^^^
  File "C:\Users\Руслан\AppData\Local\Programs\Python\Python311\Lib\json\__init__.py", line 238, in dumps
    **kw).encode(obj)
          ^^^^^^^^^^^
  File "C:\Users\Руслан\AppData\Local\Programs\Python\Python311\Lib\json\encoder.py", line 200, in encode
    chunks = self.iterencode(o, _one_shot=True)
             ^^^^^^^^^^^^^^^^^^^^^^^^^^^^^^^^^^
  File "C:\Users\Руслан\AppData\Local\Programs\Python\Python311\Lib\json\encoder.py", line 258, in iterencode
    return _iterencode(o, 0)
           ^^^^^^^^^^^^^^^^^
  File "C:\Users\Руслан\AppData\Local\Programs\Python\Python311\Lib\json\encoder.py", line 180, in default
    raise TypeError(f'Object of type {o.__class__.__name__} '
TypeError: Object of type AnalystResult is not JSON serializable
2025-12-18 14:09:45,031 - ShadowAgents - ERROR - Critical error in shadow run: Object of type AnalystResult is not JSON serializable
Traceback (most recent call last):
  File "C:\Users\Руслан\Desktop\Python\Predator_DEV_Mas\src\core\multi_agent_adapter.py", line 95, in run_shadow_analysis
    f.write(json.dumps(log_entry, ensure_ascii=False) + "\n")
            ^^^^^^^^^^^^^^^^^^^^^^^^^^^^^^^^^^^^^^^^^
  File "C:\Users\Руслан\AppData\Local\Programs\Python\Python311\Lib\json\__init__.py", line 238, in dumps
    **kw).encode(obj)
          ^^^^^^^^^^^
  File "C:\Users\Руслан\AppData\Local\Programs\Python\Python311\Lib\json\encoder.py", line 200, in encode
    chunks = self.iterencode(o, _one_shot=True)
             ^^^^^^^^^^^^^^^^^^^^^^^^^^^^^^^^^^
  File "C:\Users\Руслан\AppData\Local\Programs\Python\Python311\Lib\json\encoder.py", line 258, in iterencode
    return _iterencode(o, 0)
           ^^^^^^^^^^^^^^^^^
  File "C:\Users\Руслан\AppData\Local\Programs\Python\Python311\Lib\json\encoder.py", line 180, in default
    raise TypeError(f'Object of type {o.__class__.__name__} '
TypeError: Object of type AnalystResult is not JSON serializable
2025-12-18 14:11:57,209 - ShadowAgents - ERROR - Critical error in shadow run: Object of type AnalystResult is not JSON serializable
Traceback (most recent call last):
  File "C:\Users\Руслан\Desktop\Python\Predator_DEV_Mas\src\core\multi_agent_adapter.py", line 95, in run_shadow_analysis
    f.write(json.dumps(log_entry, ensure_ascii=False) + "\n")
            ^^^^^^^^^^^^^^^^^^^^^^^^^^^^^^^^^^^^^^^^^
  File "C:\Users\Руслан\AppData\Local\Programs\Python\Python311\Lib\json\__init__.py", line 238, in dumps
    **kw).encode(obj)
          ^^^^^^^^^^^
  File "C:\Users\Руслан\AppData\Local\Programs\Python\Python311\Lib\json\encoder.py", line 200, in encode
    chunks = self.iterencode(o, _one_shot=True)
             ^^^^^^^^^^^^^^^^^^^^^^^^^^^^^^^^^^
  File "C:\Users\Руслан\AppData\Local\Programs\Python\Python311\Lib\json\encoder.py", line 258, in iterencode
    return _iterencode(o, 0)
           ^^^^^^^^^^^^^^^^^
  File "C:\Users\Руслан\AppData\Local\Programs\Python\Python311\Lib\json\encoder.py", line 180, in default
    raise TypeError(f'Object of type {o.__class__.__name__} '
TypeError: Object of type AnalystResult is not JSON serializable
2025-12-18 20:29:17,358 - ShadowAgents - ERROR - Critical error in shadow run: 'builtin_function_or_method' object is not iterable
Traceback (most recent call last):
  File "C:\Users\Руслан\Desktop\Python\Predator_DEV_Mas\src\core\multi_agent_adapter.py", line 177, in runshadowanalysis
    "input_state": {k: v for k, v in agent_state.items if k != "news_summary"},
                   ^^^^^^^^^^^^^^^^^^^^^^^^^^^^^^^^^^^^^^^^^^^^^^^^^^^^^^^^^^^
TypeError: 'builtin_function_or_method' object is not iterable
2025-12-18 21:11:30,045 - ShadowAgents - ERROR - Critical error in shadow run: name 'analyst_task' is not defined
Traceback (most recent call last):
  File "C:\Users\Руслан\Desktop\Python\Predator_DEV_Mas\src\core\multi_agent_adapter.py", line 132, in runshadowanalysis
    planner_res, analyst_res, risk_res = await asyncio.gather(planner_task, analyst_task, risk_task)
                                                                            ^^^^^^^^^^^^
NameError: name 'analyst_task' is not defined
2025-12-18 21:13:27,197 - ShadowAgents - ERROR - Critical error in shadow run: unhashable type: 'dict'
Traceback (most recent call last):
  File "C:\Users\Руслан\Desktop\Python\Predator_DEV_Mas\src\core\multi_agent_adapter.py", line 132, in runshadowanalysis
    planner_res, analyst_res, risk_res = await asyncio.gather(planner_task, analyst_res, risk_task)
                                               ^^^^^^^^^^^^^^^^^^^^^^^^^^^^^^^^^^^^^^^^^^^^^^^^^^^^
  File "C:\Users\Руслан\AppData\Local\Programs\Python\Python311\Lib\asyncio\tasks.py", line 826, in gather
    if arg not in arg_to_fut:
       ^^^^^^^^^^^^^^^^^^^^^
TypeError: unhashable type: 'dict'
